<?xml version="1.0" encoding="utf-8"?><testsuites><testsuite name="pytest" errors="0" failures="0" skipped="0" tests="1" time="55.885" timestamp="2024-03-06T19:41:04.722655" hostname="Andras-MacBook-Pro.local"><testcase classname="order_placement_tests" name="test_e2e_place_order_already_logged_in" time="55.646" /></testsuite></testsuites>